<?xml version="1.0" encoding="UTF-8" ?>

  
  <testsuite name="test-api-test"
             errors="0"
             failures="0"
             tests="2">
    
      
      <testcase name="Test 1">
        
      </testcase>
    
      
      <testcase name="Test 2">
        
      </testcase>
    
  </testsuite>

